#
# There is insufficient memory for the Java Runtime Environment to continue.
# Native memory allocation (malloc) failed to allocate 1195056 bytes for Chunk::new
# Possible reasons:
#   The system is out of physical RAM or swap space
#   The process is running with CompressedOops enabled, and the Java Heap may be blocking the growth of the native heap
# Possible solutions:
#   Reduce memory load on the system
#   Increase physical memory or swap space
#   Check if swap backing store is full
#   Decrease Java heap size (-Xmx/-Xms)
#   Decrease number of Java threads
#   Decrease Java thread stack sizes (-Xss)
#   Set larger code cache with -XX:ReservedCodeCacheSize=
#   JVM is running with Unscaled Compressed Oops mode in which the Java heap is
#     placed in the first 4GB address space. The Java Heap base address is the
#     maximum limit for the native heap growth. Please use -XX:HeapBaseMinAddress
#     to set the Java Heap base and to place the Java Heap above 4GB virtual address.
# This output file may be truncated or incomplete.
#
#  Out of Memory Error (./src/hotspot/share/memory/arena.cpp:197), pid=11652, tid=9312
#
# JRE version: OpenJDK Runtime Environment (11.0.12+7) (build 11.0.12+7-b1504.28-7817840)
# Java VM: OpenJDK 64-Bit Server VM (11.0.12+7-b1504.28-7817840, mixed mode, tiered, compressed oops, g1 gc, windows-amd64)
# No core dump will be written. Minidumps are not enabled by default on client versions of Windows
#

---------------  S U M M A R Y ------------

Command Line: --add-opens=java.base/java.util=ALL-UNNAMED --add-opens=java.base/java.lang=ALL-UNNAMED --add-opens=java.base/java.lang.invoke=ALL-UNNAMED --add-opens=java.base/java.util=ALL-UNNAMED --add-opens=java.prefs/java.util.prefs=ALL-UNNAMED --add-opens=java.prefs/java.util.prefs=ALL-UNNAMED --add-opens=java.base/java.nio.charset=ALL-UNNAMED --add-opens=java.base/java.net=ALL-UNNAMED --add-opens=java.base/java.util.concurrent.atomic=ALL-UNNAMED -Xmx2048m -Dfile.encoding=UTF-8 -Duser.country=US -Duser.language=en -Duser.variant org.gradle.launcher.daemon.bootstrap.GradleDaemon 7.3.3

Host: Intel(R) Core(TM) i3-10100 CPU @ 3.60GHz, 8 cores, 14G,  Windows 10 , 64 bit Build 19041 (10.0.19041.1741)
Time: Sun Jul  3 21:32:56 2022 Jordan Daylight Time elapsed time: 4.584025 seconds (0d 0h 0m 4s)

---------------  T H R E A D  ---------------

Current thread (0x000001dc725cd800):  JavaThread "C2 CompilerThread1" daemon [_thread_in_native, id=9312, stack(0x000000265a200000,0x000000265a300000)]


Current CompileTask:
C2:   4584 2539  s!   4       jdk.internal.loader.URLClassPath::getLoader (194 bytes)

Stack: [0x000000265a200000,0x000000265a300000]
Native frames: (J=compiled Java code, j=interpreted, Vv=VM code, C=native code)
V  [jvm.dll+0x5fbcea]
V  [jvm.dll+0x731905]
V  [jvm.dll+0x732f1d]
V  [jvm.dll+0x7335d3]
V  [jvm.dll+0x247bf8]
V  [jvm.dll+0xc018c]
V  [jvm.dll+0xc06cc]
V  [jvm.dll+0x35b2db]
V  [jvm.dll+0x328803]
V  [jvm.dll+0x327cfa]
V  [jvm.dll+0x200602]
V  [jvm.dll+0x1ff794]
V  [jvm.dll+0x18868c]
V  [jvm.dll+0x20e0d7]
V  [jvm.dll+0x20c901]
V  [jvm.dll+0x6f9b7f]
V  [jvm.dll+0x6f26a5]
V  [jvm.dll+0x5fabf6]
C  [ucrtbase.dll+0x21bb2]
C  [KERNEL32.DLL+0x17034]
C  [ntdll.dll+0x52651]


---------------  P R O C E S S  ---------------

Threads class SMR info:
_java_thread_list=0x000001dc738def70, length=32, elements={
0x000001dc5680c800, 0x000001dc70cc9000, 0x000001dc70cca800, 0x000001dc71548000,
0x000001dc7154a000, 0x000001dc7154c000, 0x000001dc71551800, 0x000001dc71553000,
0x000001dc7155c000, 0x000001dc716c5000, 0x000001dc723de800, 0x000001dc723e3800,
0x000001dc723e2000, 0x000001dc723de000, 0x000001dc723e4800, 0x000001dc723df800,
0x000001dc723e0800, 0x000001dc723e3000, 0x000001dc723e1000, 0x000001dc73a4e800,
0x000001dc73a4f000, 0x000001dc73a50000, 0x000001dc73a4c800, 0x000001dc725cd800,
0x000001dc73a4a800, 0x000001dc73a51000, 0x000001dc73a4c000, 0x000001dc73a4b000,
0x000001dc73a53800, 0x000001dc73a4d800, 0x000001dc73a57800, 0x000001dc7386f000
}

Java Threads: ( => current thread )
  0x000001dc5680c800 JavaThread "main" [_thread_blocked, id=5660, stack(0x0000002657c00000,0x0000002657d00000)]
  0x000001dc70cc9000 JavaThread "Reference Handler" daemon [_thread_blocked, id=13272, stack(0x0000002658300000,0x0000002658400000)]
  0x000001dc70cca800 JavaThread "Finalizer" daemon [_thread_blocked, id=4056, stack(0x0000002658400000,0x0000002658500000)]
  0x000001dc71548000 JavaThread "Signal Dispatcher" daemon [_thread_blocked, id=17520, stack(0x0000002658500000,0x0000002658600000)]
  0x000001dc7154a000 JavaThread "Attach Listener" daemon [_thread_blocked, id=19528, stack(0x0000002658600000,0x0000002658700000)]
  0x000001dc7154c000 JavaThread "Service Thread" daemon [_thread_blocked, id=5480, stack(0x0000002658700000,0x0000002658800000)]
  0x000001dc71551800 JavaThread "C2 CompilerThread0" daemon [_thread_in_native, id=1228, stack(0x0000002658800000,0x0000002658900000)]
  0x000001dc71553000 JavaThread "C1 CompilerThread0" daemon [_thread_blocked, id=6152, stack(0x0000002658900000,0x0000002658a00000)]
  0x000001dc7155c000 JavaThread "Sweeper thread" daemon [_thread_blocked, id=4724, stack(0x0000002658a00000,0x0000002658b00000)]
  0x000001dc716c5000 JavaThread "Common-Cleaner" daemon [_thread_blocked, id=10312, stack(0x0000002658b00000,0x0000002658c00000)]
  0x000001dc723de800 JavaThread "Daemon health stats" [_thread_blocked, id=12956, stack(0x0000002659200000,0x0000002659300000)]
  0x000001dc723e3800 JavaThread "Incoming local TCP Connector on port 52333" [_thread_in_native, id=12296, stack(0x0000002659300000,0x0000002659400000)]
  0x000001dc723e2000 JavaThread "Daemon periodic checks" [_thread_blocked, id=19372, stack(0x0000002659400000,0x0000002659500000)]
  0x000001dc723de000 JavaThread "Daemon" [_thread_blocked, id=1860, stack(0x0000002659500000,0x0000002659600000)]
  0x000001dc723e4800 JavaThread "Handler for socket connection from /127.0.0.1:52333 to /127.0.0.1:52334" [_thread_in_native, id=3260, stack(0x0000002659600000,0x0000002659700000)]
  0x000001dc723df800 JavaThread "Cancel handler" [_thread_blocked, id=12072, stack(0x0000002659700000,0x0000002659800000)]
  0x000001dc723e0800 JavaThread "Daemon worker" [_thread_in_Java, id=20120, stack(0x0000002658d00000,0x0000002658e00000)]
  0x000001dc723e3000 JavaThread "Asynchronous log dispatcher for DefaultDaemonConnection: socket connection from /127.0.0.1:52333 to /127.0.0.1:52334" [_thread_blocked, id=19100, stack(0x0000002659800000,0x0000002659900000)]
  0x000001dc723e1000 JavaThread "Stdin handler" [_thread_blocked, id=17040, stack(0x0000002659900000,0x0000002659a00000)]
  0x000001dc73a4e800 JavaThread "Daemon client event forwarder" [_thread_blocked, id=1604, stack(0x0000002659a00000,0x0000002659b00000)]
  0x000001dc73a4f000 JavaThread "Cache worker for journal cache (C:\Users\kilany\.gradle\caches\journal-1)" [_thread_blocked, id=11328, stack(0x0000002659b00000,0x0000002659c00000)]
  0x000001dc73a50000 JavaThread "File lock request listener" [_thread_in_native, id=14384, stack(0x0000002659c00000,0x0000002659d00000)]
  0x000001dc73a4c800 JavaThread "Cache worker for file hash cache (C:\Users\kilany\.gradle\caches\7.3.3\fileHashes)" [_thread_blocked, id=7848, stack(0x0000002659d00000,0x0000002659e00000)]
=>0x000001dc725cd800 JavaThread "C2 CompilerThread1" daemon [_thread_in_native, id=9312, stack(0x000000265a200000,0x000000265a300000)]
  0x000001dc73a4a800 JavaThread "Cache worker for file hash cache (C:\Users\kilany\SocialUniversity\App\.gradle\7.3.3\fileHashes)" [_thread_blocked, id=15040, stack(0x000000265a300000,0x000000265a400000)]
  0x000001dc73a51000 JavaThread "File watcher server" daemon [_thread_in_native, id=1864, stack(0x000000265a400000,0x000000265a500000)]
  0x000001dc73a4c000 JavaThread "File watcher consumer" daemon [_thread_blocked, id=9144, stack(0x000000265a500000,0x000000265a600000)]
  0x000001dc73a4b000 JavaThread "Cache worker for checksums cache (C:\Users\kilany\SocialUniversity\App\.gradle\7.3.3\checksums)" [_thread_blocked, id=16436, stack(0x000000265a600000,0x000000265a700000)]
  0x000001dc73a53800 JavaThread "Cache worker for cache directory md-supplier (C:\Users\kilany\.gradle\caches\7.3.3\md-supplier)" [_thread_blocked, id=1660, stack(0x000000265a700000,0x000000265a800000)]
  0x000001dc73a4d800 JavaThread "Cache worker for cache directory md-rule (C:\Users\kilany\.gradle\caches\7.3.3\md-rule)" [_thread_blocked, id=18340, stack(0x000000265a800000,0x000000265a900000)]
  0x000001dc73a57800 JavaThread "Cache worker for execution history cache (C:\Users\kilany\.gradle\caches\7.3.3\executionHistory)" [_thread_blocked, id=5104, stack(0x000000265a900000,0x000000265aa00000)]
  0x000001dc7386f000 JavaThread "C2 CompilerThread2" daemon [_thread_blocked, id=15272, stack(0x000000265aa00000,0x000000265ab00000)]

Other Threads:
  0x000001dc70cc5000 VMThread "VM Thread" [stack: 0x0000002658200000,0x0000002658300000] [id=15584]
  0x000001dc716c6800 WatcherThread [stack: 0x0000002658c00000,0x0000002658d00000] [id=2856]
  0x000001dc56825000 GCTaskThread "GC Thread#0" [stack: 0x0000002657d00000,0x0000002657e00000] [id=14516]
  0x000001dc724ea800 GCTaskThread "GC Thread#1" [stack: 0x0000002658e00000,0x0000002658f00000] [id=14168]
  0x000001dc72222800 GCTaskThread "GC Thread#2" [stack: 0x0000002658f00000,0x0000002659000000] [id=12004]
  0x000001dc72385000 GCTaskThread "GC Thread#3" [stack: 0x0000002659000000,0x0000002659100000] [id=17244]
  0x000001dc729bd800 GCTaskThread "GC Thread#4" [stack: 0x0000002659100000,0x0000002659200000] [id=17968]
  0x000001dc74284800 GCTaskThread "GC Thread#5" [stack: 0x0000002659e00000,0x0000002659f00000] [id=4576]
  0x000001dc73d60800 GCTaskThread "GC Thread#6" [stack: 0x0000002659f00000,0x000000265a000000] [id=4836]
  0x000001dc74735800 GCTaskThread "GC Thread#7" [stack: 0x000000265a000000,0x000000265a100000] [id=19524]
  0x000001dc56856000 ConcurrentGCThread "G1 Main Marker" [stack: 0x0000002657e00000,0x0000002657f00000] [id=16408]
  0x000001dc56858800 ConcurrentGCThread "G1 Conc#0" [stack: 0x0000002657f00000,0x0000002658000000] [id=18608]
  0x000001dc73a5b800 ConcurrentGCThread "G1 Conc#1" [stack: 0x000000265a100000,0x000000265a200000] [id=5984]
  0x000001dc70b32800 ConcurrentGCThread "G1 Refine#0" [stack: 0x0000002658000000,0x0000002658100000] [id=2244]
  0x000001dc70b33000 ConcurrentGCThread "G1 Young RemSet Sampling" [stack: 0x0000002658100000,0x0000002658200000] [id=16764]

Threads with active compile tasks:
C2 CompilerThread0   4609 2659       4       jdk.internal.loader.URLClassPath::getResource (74 bytes)
C2 CompilerThread1   4609 2539  s!   4       jdk.internal.loader.URLClassPath::getLoader (194 bytes)

VM state:not at safepoint (normal execution)

VM Mutex/Monitor currently owned by a thread: None

Heap address: 0x0000000080000000, size: 2048 MB, Compressed Oops mode: 32-bit
Narrow klass base: 0x0000000000000000, Narrow klass shift: 3
Compressed class space size: 1073741824 Address: 0x0000000100000000

Heap:
 garbage-first heap   total 243712K, used 97160K [0x0000000080000000, 0x0000000100000000)
  region size 1024K, 80 young (81920K), 2 survivors (2048K)
 Metaspace       used 32678K, capacity 33486K, committed 33536K, reserved 1079296K
  class space    used 4320K, capacity 4606K, committed 4608K, reserved 1048576K
Heap Regions: E=young(eden), S=young(survivor), O=old, HS=humongous(starts), HC=humongous(continues), CS=collection set, F=free, A=archive, TAMS=top-at-mark-start (previous, next)
|   0|0x0000000080000000, 0x0000000080100000, 0x0000000080100000|100%| O|  |TAMS 0x0000000080000000, 0x0000000080000000| Untracked 
|   1|0x0000000080100000, 0x0000000080200000, 0x0000000080200000|100%| O|  |TAMS 0x0000000080100000, 0x0000000080100000| Untracked 
|   2|0x0000000080200000, 0x0000000080300000, 0x0000000080300000|100%| O|  |TAMS 0x0000000080200000, 0x0000000080200000| Untracked 
|   3|0x0000000080300000, 0x0000000080400000, 0x0000000080400000|100%|HS|  |TAMS 0x0000000080400000, 0x0000000080300000| Complete 
|   4|0x0000000080400000, 0x0000000080500000, 0x0000000080500000|100%|HC|  |TAMS 0x0000000080500000, 0x0000000080400000| Complete 
|   5|0x0000000080500000, 0x0000000080600000, 0x0000000080600000|100%|HC|  |TAMS 0x0000000080600000, 0x0000000080500000| Complete 
|   6|0x0000000080600000, 0x0000000080700000, 0x0000000080700000|100%| O|  |TAMS 0x0000000080700000, 0x0000000080600000| Untracked 
|   7|0x0000000080700000, 0x0000000080800000, 0x0000000080800000|100%| O|  |TAMS 0x0000000080800000, 0x0000000080700000| Untracked 
|   8|0x0000000080800000, 0x0000000080900000, 0x0000000080900000|100%| O|  |TAMS 0x0000000080900000, 0x0000000080800000| Untracked 
|   9|0x0000000080900000, 0x0000000080a00000, 0x0000000080a00000|100%| O|  |TAMS 0x0000000080917e00, 0x0000000080900000| Untracked 
|  10|0x0000000080a00000, 0x0000000080b00000, 0x0000000080b00000|100%| O|  |TAMS 0x0000000080a00000, 0x0000000080a00000| Untracked 
|  11|0x0000000080b00000, 0x0000000080c00000, 0x0000000080c00000|100%| O|  |TAMS 0x0000000080b00000, 0x0000000080b00000| Untracked 
|  12|0x0000000080c00000, 0x0000000080d00000, 0x0000000080d00000|100%| O|  |TAMS 0x0000000080c00000, 0x0000000080c00000| Untracked 
|  13|0x0000000080d00000, 0x0000000080e00000, 0x0000000080e00000|100%| O|  |TAMS 0x0000000080d00000, 0x0000000080d00000| Untracked 
|  14|0x0000000080e00000, 0x0000000080f00000, 0x0000000080f00000|100%| O|  |TAMS 0x0000000080e00000, 0x0000000080e00000| Untracked 
|  15|0x0000000080f00000, 0x0000000081000000, 0x0000000081000000|100%| O|  |TAMS 0x0000000080f00000, 0x0000000080f00000| Untracked 
|  16|0x0000000081000000, 0x0000000081054600, 0x0000000081100000| 32%| O|  |TAMS 0x0000000081000000, 0x0000000081000000| Untracked 
|  17|0x0000000081100000, 0x0000000081100000, 0x0000000081200000|  0%| F|  |TAMS 0x0000000081100000, 0x0000000081100000| Untracked 
|  18|0x0000000081200000, 0x0000000081200000, 0x0000000081300000|  0%| F|  |TAMS 0x0000000081200000, 0x0000000081200000| Untracked 
|  19|0x0000000081300000, 0x0000000081300000, 0x0000000081400000|  0%| F|  |TAMS 0x0000000081300000, 0x0000000081300000| Untracked 
|  20|0x0000000081400000, 0x0000000081400000, 0x0000000081500000|  0%| F|  |TAMS 0x0000000081400000, 0x0000000081400000| Untracked 
|  21|0x0000000081500000, 0x0000000081500000, 0x0000000081600000|  0%| F|  |TAMS 0x0000000081500000, 0x0000000081500000| Untracked 
|  22|0x0000000081600000, 0x0000000081600000, 0x0000000081700000|  0%| F|  |TAMS 0x0000000081600000, 0x0000000081600000| Untracked 
|  23|0x0000000081700000, 0x0000000081700000, 0x0000000081800000|  0%| F|  |TAMS 0x0000000081700000, 0x0000000081700000| Untracked 
|  24|0x0000000081800000, 0x0000000081800000, 0x0000000081900000|  0%| F|  |TAMS 0x0000000081800000, 0x0000000081800000| Untracked 
|  25|0x0000000081900000, 0x0000000081900000, 0x0000000081a00000|  0%| F|  |TAMS 0x0000000081900000, 0x0000000081900000| Untracked 
|  26|0x0000000081a00000, 0x0000000081a00000, 0x0000000081b00000|  0%| F|  |TAMS 0x0000000081a00000, 0x0000000081a00000| Untracked 
|  27|0x0000000081b00000, 0x0000000081b00000, 0x0000000081c00000|  0%| F|  |TAMS 0x0000000081b00000, 0x0000000081b00000| Untracked 
|  28|0x0000000081c00000, 0x0000000081c00000, 0x0000000081d00000|  0%| F|  |TAMS 0x0000000081c00000, 0x0000000081c00000| Untracked 
|  29|0x0000000081d00000, 0x0000000081d00000, 0x0000000081e00000|  0%| F|  |TAMS 0x0000000081d00000, 0x0000000081d00000| Untracked 
|  30|0x0000000081e00000, 0x0000000081e00000, 0x0000000081f00000|  0%| F|  |TAMS 0x0000000081e00000, 0x0000000081e00000| Untracked 
|  31|0x0000000081f00000, 0x0000000081f00000, 0x0000000082000000|  0%| F|  |TAMS 0x0000000081f00000, 0x0000000081f00000| Untracked 
|  32|0x0000000082000000, 0x0000000082000000, 0x0000000082100000|  0%| F|  |TAMS 0x0000000082000000, 0x0000000082000000| Untracked 
|  33|0x0000000082100000, 0x0000000082100000, 0x0000000082200000|  0%| F|  |TAMS 0x0000000082100000, 0x0000000082100000| Untracked 
|  34|0x0000000082200000, 0x0000000082200000, 0x0000000082300000|  0%| F|  |TAMS 0x0000000082200000, 0x0000000082200000| Untracked 
|  35|0x0000000082300000, 0x0000000082300000, 0x0000000082400000|  0%| F|  |TAMS 0x0000000082300000, 0x0000000082300000| Untracked 
|  36|0x0000000082400000, 0x0000000082400000, 0x0000000082500000|  0%| F|  |TAMS 0x0000000082400000, 0x0000000082400000| Untracked 
|  37|0x0000000082500000, 0x0000000082500000, 0x0000000082600000|  0%| F|  |TAMS 0x0000000082500000, 0x0000000082500000| Untracked 
|  38|0x0000000082600000, 0x0000000082600000, 0x0000000082700000|  0%| F|  |TAMS 0x0000000082600000, 0x0000000082600000| Untracked 
|  39|0x0000000082700000, 0x0000000082700000, 0x0000000082800000|  0%| F|  |TAMS 0x0000000082700000, 0x0000000082700000| Untracked 
|  40|0x0000000082800000, 0x0000000082800000, 0x0000000082900000|  0%| F|  |TAMS 0x0000000082800000, 0x0000000082800000| Untracked 
|  41|0x0000000082900000, 0x0000000082900000, 0x0000000082a00000|  0%| F|  |TAMS 0x0000000082900000, 0x0000000082900000| Untracked 
|  42|0x0000000082a00000, 0x0000000082a00000, 0x0000000082b00000|  0%| F|  |TAMS 0x0000000082a00000, 0x0000000082a00000| Untracked 
|  43|0x0000000082b00000, 0x0000000082b00000, 0x0000000082c00000|  0%| F|  |TAMS 0x0000000082b00000, 0x0000000082b00000| Untracked 
|  44|0x0000000082c00000, 0x0000000082c00000, 0x0000000082d00000|  0%| F|  |TAMS 0x0000000082c00000, 0x0000000082c00000| Untracked 
|  45|0x0000000082d00000, 0x0000000082d00000, 0x0000000082e00000|  0%| F|  |TAMS 0x0000000082d00000, 0x0000000082d00000| Untracked 
|  46|0x0000000082e00000, 0x0000000082e00000, 0x0000000082f00000|  0%| F|  |TAMS 0x0000000082e00000, 0x0000000082e00000| Untracked 
|  47|0x0000000082f00000, 0x0000000082f00000, 0x0000000083000000|  0%| F|  |TAMS 0x0000000082f00000, 0x0000000082f00000| Untracked 
|  48|0x0000000083000000, 0x0000000083000000, 0x0000000083100000|  0%| F|  |TAMS 0x0000000083000000, 0x0000000083000000| Untracked 
|  49|0x0000000083100000, 0x0000000083100000, 0x0000000083200000|  0%| F|  |TAMS 0x0000000083100000, 0x0000000083100000| Untracked 
|  50|0x0000000083200000, 0x0000000083200000, 0x0000000083300000|  0%| F|  |TAMS 0x0000000083200000, 0x0000000083200000| Untracked 
|  51|0x0000000083300000, 0x0000000083300000, 0x0000000083400000|  0%| F|  |TAMS 0x0000000083300000, 0x0000000083300000| Untracked 
|  52|0x0000000083400000, 0x0000000083400000, 0x0000000083500000|  0%| F|  |TAMS 0x0000000083400000, 0x0000000083400000| Untracked 
|  53|0x0000000083500000, 0x0000000083500000, 0x0000000083600000|  0%| F|  |TAMS 0x0000000083500000, 0x0000000083500000| Untracked 
|  54|0x0000000083600000, 0x0000000083600000, 0x0000000083700000|  0%| F|  |TAMS 0x0000000083600000, 0x0000000083600000| Untracked 
|  55|0x0000000083700000, 0x0000000083700000, 0x0000000083800000|  0%| F|  |TAMS 0x0000000083700000, 0x0000000083700000| Untracked 
|  56|0x0000000083800000, 0x0000000083800000, 0x0000000083900000|  0%| F|  |TAMS 0x0000000083800000, 0x0000000083800000| Untracked 
|  57|0x0000000083900000, 0x0000000083900000, 0x0000000083a00000|  0%| F|  |TAMS 0x0000000083900000, 0x0000000083900000| Untracked 
|  58|0x0000000083a00000, 0x0000000083a00000, 0x0000000083b00000|  0%| F|  |TAMS 0x0000000083a00000, 0x0000000083a00000| Untracked 
|  59|0x0000000083b00000, 0x0000000083b00000, 0x0000000083c00000|  0%| F|  |TAMS 0x0000000083b00000, 0x0000000083b00000| Untracked 
|  60|0x0000000083c00000, 0x0000000083c00000, 0x0000000083d00000|  0%| F|  |TAMS 0x0000000083c00000, 0x0000000083c00000| Untracked 
|  61|0x0000000083d00000, 0x0000000083d00000, 0x0000000083e00000|  0%| F|  |TAMS 0x0000000083d00000, 0x0000000083d00000| Untracked 
|  62|0x0000000083e00000, 0x0000000083e00000, 0x0000000083f00000|  0%| F|  |TAMS 0x0000000083e00000, 0x0000000083e00000| Untracked 
|  63|0x0000000083f00000, 0x0000000083f00000, 0x0000000084000000|  0%| F|  |TAMS 0x0000000083f00000, 0x0000000083f00000| Untracked 
|  64|0x0000000084000000, 0x0000000084000000, 0x0000000084100000|  0%| F|  |TAMS 0x0000000084000000, 0x0000000084000000| Untracked 
|  65|0x0000000084100000, 0x0000000084100000, 0x0000000084200000|  0%| F|  |TAMS 0x0000000084100000, 0x0000000084100000| Untracked 
|  66|0x0000000084200000, 0x0000000084200000, 0x0000000084300000|  0%| F|  |TAMS 0x0000000084200000, 0x0000000084200000| Untracked 
|  67|0x0000000084300000, 0x0000000084300000, 0x0000000084400000|  0%| F|  |TAMS 0x0000000084300000, 0x0000000084300000| Untracked 
|  68|0x0000000084400000, 0x0000000084400000, 0x0000000084500000|  0%| F|  |TAMS 0x0000000084400000, 0x0000000084400000| Untracked 
|  69|0x0000000084500000, 0x0000000084500000, 0x0000000084600000|  0%| F|  |TAMS 0x0000000084500000, 0x0000000084500000| Untracked 
|  70|0x0000000084600000, 0x0000000084600000, 0x0000000084700000|  0%| F|  |TAMS 0x0000000084600000, 0x0000000084600000| Untracked 
|  71|0x0000000084700000, 0x0000000084700000, 0x0000000084800000|  0%| F|  |TAMS 0x0000000084700000, 0x0000000084700000| Untracked 
|  72|0x0000000084800000, 0x0000000084800000, 0x0000000084900000|  0%| F|  |TAMS 0x0000000084800000, 0x0000000084800000| Untracked 
|  73|0x0000000084900000, 0x0000000084900000, 0x0000000084a00000|  0%| F|  |TAMS 0x0000000084900000, 0x0000000084900000| Untracked 
|  74|0x0000000084a00000, 0x0000000084a00000, 0x0000000084b00000|  0%| F|  |TAMS 0x0000000084a00000, 0x0000000084a00000| Untracked 
|  75|0x0000000084b00000, 0x0000000084b00000, 0x0000000084c00000|  0%| F|  |TAMS 0x0000000084b00000, 0x0000000084b00000| Untracked 
|  76|0x0000000084c00000, 0x0000000084c00000, 0x0000000084d00000|  0%| F|  |TAMS 0x0000000084c00000, 0x0000000084c00000| Untracked 
|  77|0x0000000084d00000, 0x0000000084d00000, 0x0000000084e00000|  0%| F|  |TAMS 0x0000000084d00000, 0x0000000084d00000| Untracked 
|  78|0x0000000084e00000, 0x0000000084e00000, 0x0000000084f00000|  0%| F|  |TAMS 0x0000000084e00000, 0x0000000084e00000| Untracked 
|  79|0x0000000084f00000, 0x0000000084f00000, 0x0000000085000000|  0%| F|  |TAMS 0x0000000084f00000, 0x0000000084f00000| Untracked 
|  80|0x0000000085000000, 0x0000000085000000, 0x0000000085100000|  0%| F|  |TAMS 0x0000000085000000, 0x0000000085000000| Untracked 
|  81|0x0000000085100000, 0x0000000085100000, 0x0000000085200000|  0%| F|  |TAMS 0x0000000085100000, 0x0000000085100000| Untracked 
|  82|0x0000000085200000, 0x0000000085200000, 0x0000000085300000|  0%| F|  |TAMS 0x0000000085200000, 0x0000000085200000| Untracked 
|  83|0x0000000085300000, 0x0000000085300000, 0x0000000085400000|  0%| F|  |TAMS 0x0000000085300000, 0x0000000085300000| Untracked 
|  84|0x0000000085400000, 0x0000000085400000, 0x0000000085500000|  0%| F|  |TAMS 0x0000000085400000, 0x0000000085400000| Untracked 
|  85|0x0000000085500000, 0x0000000085500000, 0x0000000085600000|  0%| F|  |TAMS 0x0000000085500000, 0x0000000085500000| Untracked 
|  86|0x0000000085600000, 0x0000000085600000, 0x0000000085700000|  0%| F|  |TAMS 0x0000000085600000, 0x0000000085600000| Untracked 
|  87|0x0000000085700000, 0x0000000085700000, 0x0000000085800000|  0%| F|  |TAMS 0x0000000085700000, 0x0000000085700000| Untracked 
|  88|0x0000000085800000, 0x0000000085800000, 0x0000000085900000|  0%| F|  |TAMS 0x0000000085800000, 0x0000000085800000| Untracked 
|  89|0x0000000085900000, 0x0000000085900000, 0x0000000085a00000|  0%| F|  |TAMS 0x0000000085900000, 0x0000000085900000| Untracked 
|  90|0x0000000085a00000, 0x0000000085a00000, 0x0000000085b00000|  0%| F|  |TAMS 0x0000000085a00000, 0x0000000085a00000| Untracked 
|  91|0x0000000085b00000, 0x0000000085b00000, 0x0000000085c00000|  0%| F|  |TAMS 0x0000000085b00000, 0x0000000085b00000| Untracked 
|  92|0x0000000085c00000, 0x0000000085c00000, 0x0000000085d00000|  0%| F|  |TAMS 0x0000000085c00000, 0x0000000085c00000| Untracked 
|  93|0x0000000085d00000, 0x0000000085d00000, 0x0000000085e00000|  0%| F|  |TAMS 0x0000000085d00000, 0x0000000085d00000| Untracked 
|  94|0x0000000085e00000, 0x0000000085e00000, 0x0000000085f00000|  0%| F|  |TAMS 0x0000000085e00000, 0x0000000085e00000| Untracked 
|  95|0x0000000085f00000, 0x0000000085f00000, 0x0000000086000000|  0%| F|  |TAMS 0x0000000085f00000, 0x0000000085f00000| Untracked 
|  96|0x0000000086000000, 0x0000000086000000, 0x0000000086100000|  0%| F|  |TAMS 0x0000000086000000, 0x0000000086000000| Untracked 
|  97|0x0000000086100000, 0x0000000086100000, 0x0000000086200000|  0%| F|  |TAMS 0x0000000086100000, 0x0000000086100000| Untracked 
|  98|0x0000000086200000, 0x0000000086200000, 0x0000000086300000|  0%| F|  |TAMS 0x0000000086200000, 0x0000000086200000| Untracked 
|  99|0x0000000086300000, 0x0000000086300000, 0x0000000086400000|  0%| F|  |TAMS 0x0000000086300000, 0x0000000086300000| Untracked 
| 100|0x0000000086400000, 0x0000000086400000, 0x0000000086500000|  0%| F|  |TAMS 0x0000000086400000, 0x0000000086400000| Untracked 
| 101|0x0000000086500000, 0x0000000086500000, 0x0000000086600000|  0%| F|  |TAMS 0x0000000086500000, 0x0000000086500000| Untracked 
| 102|0x0000000086600000, 0x0000000086600000, 0x0000000086700000|  0%| F|  |TAMS 0x0000000086600000, 0x0000000086600000| Untracked 
| 103|0x0000000086700000, 0x0000000086700000, 0x0000000086800000|  0%| F|  |TAMS 0x0000000086700000, 0x0000000086700000| Untracked 
| 104|0x0000000086800000, 0x0000000086800000, 0x0000000086900000|  0%| F|  |TAMS 0x0000000086800000, 0x0000000086800000| Untracked 
| 105|0x0000000086900000, 0x0000000086900000, 0x0000000086a00000|  0%| F|  |TAMS 0x0000000086900000, 0x0000000086900000| Untracked 
| 106|0x0000000086a00000, 0x0000000086a00000, 0x0000000086b00000|  0%| F|  |TAMS 0x0000000086a00000, 0x0000000086a00000| Untracked 
| 107|0x0000000086b00000, 0x0000000086b00000, 0x0000000086c00000|  0%| F|  |TAMS 0x0000000086b00000, 0x0000000086b00000| Untracked 
| 108|0x0000000086c00000, 0x0000000086c00000, 0x0000000086d00000|  0%| F|  |TAMS 0x0000000086c00000, 0x0000000086c00000| Untracked 
| 109|0x0000000086d00000, 0x0000000086d00000, 0x0000000086e00000|  0%| F|  |TAMS 0x0000000086d00000, 0x0000000086d00000| Untracked 
| 110|0x0000000086e00000, 0x0000000086e00000, 0x0000000086f00000|  0%| F|  |TAMS 0x0000000086e00000, 0x0000000086e00000| Untracked 
| 111|0x0000000086f00000, 0x0000000086f00000, 0x0000000087000000|  0%| F|  |TAMS 0x0000000086f00000, 0x0000000086f00000| Untracked 
| 112|0x0000000087000000, 0x0000000087000000, 0x0000000087100000|  0%| F|  |TAMS 0x0000000087000000, 0x0000000087000000| Untracked 
| 113|0x0000000087100000, 0x0000000087100000, 0x0000000087200000|  0%| F|  |TAMS 0x0000000087100000, 0x0000000087100000| Untracked 
| 114|0x0000000087200000, 0x0000000087200000, 0x0000000087300000|  0%| F|  |TAMS 0x0000000087200000, 0x0000000087200000| Untracked 
| 115|0x0000000087300000, 0x0000000087300000, 0x0000000087400000|  0%| F|  |TAMS 0x0000000087300000, 0x0000000087300000| Untracked 
| 116|0x0000000087400000, 0x0000000087400000, 0x0000000087500000|  0%| F|  |TAMS 0x0000000087400000, 0x0000000087400000| Untracked 
| 117|0x0000000087500000, 0x0000000087500000, 0x0000000087600000|  0%| F|  |TAMS 0x0000000087500000, 0x0000000087500000| Untracked 
| 118|0x0000000087600000, 0x0000000087600000, 0x0000000087700000|  0%| F|  |TAMS 0x0000000087600000, 0x0000000087600000| Untracked 
| 119|0x0000000087700000, 0x0000000087700000, 0x0000000087800000|  0%| F|  |TAMS 0x0000000087700000, 0x0000000087700000| Untracked 
| 120|0x0000000087800000, 0x0000000087800000, 0x0000000087900000|  0%| F|  |TAMS 0x0000000087800000, 0x0000000087800000| Untracked 
| 121|0x0000000087900000, 0x0000000087900000, 0x0000000087a00000|  0%| F|  |TAMS 0x0000000087900000, 0x0000000087900000| Untracked 
| 122|0x0000000087a00000, 0x0000000087a00000, 0x0000000087b00000|  0%| F|  |TAMS 0x0000000087a00000, 0x0000000087a00000| Untracked 
| 123|0x0000000087b00000, 0x0000000087b00000, 0x0000000087c00000|  0%| F|  |TAMS 0x0000000087b00000, 0x0000000087b00000| Untracked 
| 124|0x0000000087c00000, 0x0000000087c00000, 0x0000000087d00000|  0%| F|  |TAMS 0x0000000087c00000, 0x0000000087c00000| Untracked 
| 125|0x0000000087d00000, 0x0000000087d00000, 0x0000000087e00000|  0%| F|  |TAMS 0x0000000087d00000, 0x0000000087d00000| Untracked 
| 126|0x0000000087e00000, 0x0000000087e00000, 0x0000000087f00000|  0%| F|  |TAMS 0x0000000087e00000, 0x0000000087e00000| Untracked 
| 127|0x0000000087f00000, 0x0000000087f00000, 0x0000000088000000|  0%| F|  |TAMS 0x0000000087f00000, 0x0000000087f00000| Untracked 
| 128|0x0000000088000000, 0x0000000088000000, 0x0000000088100000|  0%| F|  |TAMS 0x0000000088000000, 0x0000000088000000| Untracked 
| 129|0x0000000088100000, 0x0000000088100000, 0x0000000088200000|  0%| F|  |TAMS 0x0000000088100000, 0x0000000088100000| Untracked 
| 130|0x0000000088200000, 0x0000000088200000, 0x0000000088300000|  0%| F|  |TAMS 0x0000000088200000, 0x0000000088200000| Untracked 
| 131|0x0000000088300000, 0x0000000088300000, 0x0000000088400000|  0%| F|  |TAMS 0x0000000088300000, 0x0000000088300000| Untracked 
| 132|0x0000000088400000, 0x0000000088400000, 0x0000000088500000|  0%| F|  |TAMS 0x0000000088400000, 0x0000000088400000| Untracked 
| 133|0x0000000088500000, 0x0000000088500000, 0x0000000088600000|  0%| F|  |TAMS 0x0000000088500000, 0x0000000088500000| Untracked 
| 134|0x0000000088600000, 0x0000000088600000, 0x0000000088700000|  0%| F|  |TAMS 0x0000000088600000, 0x0000000088600000| Untracked 
| 135|0x0000000088700000, 0x0000000088700000, 0x0000000088800000|  0%| F|  |TAMS 0x0000000088700000, 0x0000000088700000| Untracked 
| 136|0x0000000088800000, 0x0000000088800000, 0x0000000088900000|  0%| F|  |TAMS 0x0000000088800000, 0x0000000088800000| Untracked 
| 137|0x0000000088900000, 0x0000000088900000, 0x0000000088a00000|  0%| F|  |TAMS 0x0000000088900000, 0x0000000088900000| Untracked 
| 138|0x0000000088a00000, 0x0000000088a00000, 0x0000000088b00000|  0%| F|  |TAMS 0x0000000088a00000, 0x0000000088a00000| Untracked 
| 139|0x0000000088b00000, 0x0000000088b00000, 0x0000000088c00000|  0%| F|  |TAMS 0x0000000088b00000, 0x0000000088b00000| Untracked 
| 140|0x0000000088c00000, 0x0000000088c00000, 0x0000000088d00000|  0%| F|  |TAMS 0x0000000088c00000, 0x0000000088c00000| Untracked 
| 141|0x0000000088d00000, 0x0000000088d00000, 0x0000000088e00000|  0%| F|  |TAMS 0x0000000088d00000, 0x0000000088d00000| Untracked 
| 142|0x0000000088e00000, 0x0000000088e00000, 0x0000000088f00000|  0%| F|  |TAMS 0x0000000088e00000, 0x0000000088e00000| Untracked 
| 143|0x0000000088f00000, 0x0000000088f00000, 0x0000000089000000|  0%| F|  |TAMS 0x0000000088f00000, 0x0000000088f00000| Untracked 
| 144|0x0000000089000000, 0x0000000089000000, 0x0000000089100000|  0%| F|  |TAMS 0x0000000089000000, 0x0000000089000000| Untracked 
| 145|0x0000000089100000, 0x0000000089100000, 0x0000000089200000|  0%| F|  |TAMS 0x0000000089100000, 0x0000000089100000| Untracked 
| 146|0x0000000089200000, 0x0000000089200000, 0x0000000089300000|  0%| F|  |TAMS 0x0000000089200000, 0x0000000089200000| Untracked 
| 147|0x0000000089300000, 0x0000000089300000, 0x0000000089400000|  0%| F|  |TAMS 0x0000000089300000, 0x0000000089300000| Untracked 
| 148|0x0000000089400000, 0x0000000089400000, 0x0000000089500000|  0%| F|  |TAMS 0x0000000089400000, 0x0000000089400000| Untracked 
| 149|0x0000000089500000, 0x0000000089500000, 0x0000000089600000|  0%| F|  |TAMS 0x0000000089500000, 0x0000000089500000| Untracked 
| 150|0x0000000089600000, 0x0000000089600000, 0x0000000089700000|  0%| F|  |TAMS 0x0000000089600000, 0x0000000089600000| Untracked 
| 151|0x0000000089700000, 0x0000000089700000, 0x0000000089800000|  0%| F|  |TAMS 0x0000000089700000, 0x0000000089700000| Untracked 
| 152|0x0000000089800000, 0x0000000089800000, 0x0000000089900000|  0%| F|  |TAMS 0x0000000089800000, 0x0000000089800000| Untracked 
| 153|0x0000000089900000, 0x0000000089900000, 0x0000000089a00000|  0%| F|  |TAMS 0x0000000089900000, 0x0000000089900000| Untracked 
| 154|0x0000000089a00000, 0x0000000089a00000, 0x0000000089b00000|  0%| F|  |TAMS 0x0000000089a00000, 0x0000000089a00000| Untracked 
| 155|0x0000000089b00000, 0x0000000089b00000, 0x0000000089c00000|  0%| F|  |TAMS 0x0000000089b00000, 0x0000000089b00000| Untracked 
| 156|0x0000000089c00000, 0x0000000089c00000, 0x0000000089d00000|  0%| F|  |TAMS 0x0000000089c00000, 0x0000000089c00000| Untracked 
| 157|0x0000000089d00000, 0x0000000089d00000, 0x0000000089e00000|  0%| F|  |TAMS 0x0000000089d00000, 0x0000000089d00000| Untracked 
| 158|0x0000000089e00000, 0x0000000089f00000, 0x0000000089f00000|100%| E|  |TAMS 0x0000000089e00000, 0x0000000089e00000| Complete 
| 159|0x0000000089f00000, 0x000000008a000000, 0x000000008a000000|100%| E|CS|TAMS 0x0000000089f00000, 0x0000000089f00000| Complete 
| 160|0x000000008a000000, 0x000000008a100000, 0x000000008a100000|100%| E|CS|TAMS 0x000000008a000000, 0x000000008a000000| Complete 
| 161|0x000000008a100000, 0x000000008a200000, 0x000000008a200000|100%| E|CS|TAMS 0x000000008a100000, 0x000000008a100000| Complete 
| 162|0x000000008a200000, 0x000000008a300000, 0x000000008a300000|100%| E|CS|TAMS 0x000000008a200000, 0x000000008a200000| Complete 
| 163|0x000000008a300000, 0x000000008a400000, 0x000000008a400000|100%| E|CS|TAMS 0x000000008a300000, 0x000000008a300000| Complete 
| 164|0x000000008a400000, 0x000000008a500000, 0x000000008a500000|100%| E|CS|TAMS 0x000000008a400000, 0x000000008a400000| Complete 
| 165|0x000000008a500000, 0x000000008a600000, 0x000000008a600000|100%| E|CS|TAMS 0x000000008a500000, 0x000000008a500000| Complete 
| 166|0x000000008a600000, 0x000000008a700000, 0x000000008a700000|100%| E|CS|TAMS 0x000000008a600000, 0x000000008a600000| Complete 
| 167|0x000000008a700000, 0x000000008a800000, 0x000000008a800000|100%| E|CS|TAMS 0x000000008a700000, 0x000000008a700000| Complete 
| 168|0x000000008a800000, 0x000000008a900000, 0x000000008a900000|100%| E|CS|TAMS 0x000000008a800000, 0x000000008a800000| Complete 
| 169|0x000000008a900000, 0x000000008aa00000, 0x000000008aa00000|100%| E|CS|TAMS 0x000000008a900000, 0x000000008a900000| Complete 
| 170|0x000000008aa00000, 0x000000008ab00000, 0x000000008ab00000|100%| E|CS|TAMS 0x000000008aa00000, 0x000000008aa00000| Complete 
| 171|0x000000008ab00000, 0x000000008ac00000, 0x000000008ac00000|100%| E|CS|TAMS 0x000000008ab00000, 0x000000008ab00000| Complete 
| 172|0x000000008ac00000, 0x000000008ad00000, 0x000000008ad00000|100%| E|CS|TAMS 0x000000008ac00000, 0x000000008ac00000| Complete 
| 173|0x000000008ad00000, 0x000000008ae00000, 0x000000008ae00000|100%| E|CS|TAMS 0x000000008ad00000, 0x000000008ad00000| Complete 
| 174|0x000000008ae00000, 0x000000008af00000, 0x000000008af00000|100%| E|CS|TAMS 0x000000008ae00000, 0x000000008ae00000| Complete 
| 175|0x000000008af00000, 0x000000008b000000, 0x000000008b000000|100%| E|CS|TAMS 0x000000008af00000, 0x000000008af00000| Complete 
| 176|0x000000008b000000, 0x000000008b100000, 0x000000008b100000|100%| E|CS|TAMS 0x000000008b000000, 0x000000008b000000| Complete 
| 177|0x000000008b100000, 0x000000008b200000, 0x000000008b200000|100%| E|CS|TAMS 0x000000008b100000, 0x000000008b100000| Complete 
| 178|0x000000008b200000, 0x000000008b300000, 0x000000008b300000|100%| E|CS|TAMS 0x000000008b200000, 0x000000008b200000| Complete 
| 179|0x000000008b300000, 0x000000008b400000, 0x000000008b400000|100%| E|CS|TAMS 0x000000008b300000, 0x000000008b300000| Complete 
| 180|0x000000008b400000, 0x000000008b500000, 0x000000008b500000|100%| E|CS|TAMS 0x000000008b400000, 0x000000008b400000| Complete 
| 181|0x000000008b500000, 0x000000008b600000, 0x000000008b600000|100%| E|CS|TAMS 0x000000008b500000, 0x000000008b500000| Complete 
| 182|0x000000008b600000, 0x000000008b700000, 0x000000008b700000|100%| E|CS|TAMS 0x000000008b600000, 0x000000008b600000| Complete 
| 183|0x000000008b700000, 0x000000008b800000, 0x000000008b800000|100%| E|CS|TAMS 0x000000008b700000, 0x000000008b700000| Complete 
| 184|0x000000008b800000, 0x000000008b900000, 0x000000008b900000|100%| E|CS|TAMS 0x000000008b800000, 0x000000008b800000| Complete 
| 185|0x000000008b900000, 0x000000008ba00000, 0x000000008ba00000|100%| E|CS|TAMS 0x000000008b900000, 0x000000008b900000| Complete 
| 186|0x000000008ba00000, 0x000000008bb00000, 0x000000008bb00000|100%| E|CS|TAMS 0x000000008ba00000, 0x000000008ba00000| Complete 
| 187|0x000000008bb00000, 0x000000008bc00000, 0x000000008bc00000|100%| E|CS|TAMS 0x000000008bb00000, 0x000000008bb00000| Complete 
| 188|0x000000008bc00000, 0x000000008bd00000, 0x000000008bd00000|100%| E|CS|TAMS 0x000000008bc00000, 0x000000008bc00000| Complete 
| 189|0x000000008bd00000, 0x000000008be00000, 0x000000008be00000|100%| E|CS|TAMS 0x000000008bd00000, 0x000000008bd00000| Complete 
| 190|0x000000008be00000, 0x000000008bf00000, 0x000000008bf00000|100%| E|CS|TAMS 0x000000008be00000, 0x000000008be00000| Complete 
| 191|0x000000008bf00000, 0x000000008c000000, 0x000000008c000000|100%| E|CS|TAMS 0x000000008bf00000, 0x000000008bf00000| Complete 
| 192|0x000000008c000000, 0x000000008c100000, 0x000000008c100000|100%| E|CS|TAMS 0x000000008c000000, 0x000000008c000000| Complete 
| 193|0x000000008c100000, 0x000000008c200000, 0x000000008c200000|100%| E|CS|TAMS 0x000000008c100000, 0x000000008c100000| Complete 
| 194|0x000000008c200000, 0x000000008c300000, 0x000000008c300000|100%| E|CS|TAMS 0x000000008c200000, 0x000000008c200000| Complete 
| 195|0x000000008c300000, 0x000000008c400000, 0x000000008c400000|100%| E|CS|TAMS 0x000000008c300000, 0x000000008c300000| Complete 
| 196|0x000000008c400000, 0x000000008c500000, 0x000000008c500000|100%| E|CS|TAMS 0x000000008c400000, 0x000000008c400000| Complete 
| 197|0x000000008c500000, 0x000000008c600000, 0x000000008c600000|100%| E|CS|TAMS 0x000000008c500000, 0x000000008c500000| Complete 
| 198|0x000000008c600000, 0x000000008c700000, 0x000000008c700000|100%| E|CS|TAMS 0x000000008c600000, 0x000000008c600000| Complete 
| 199|0x000000008c700000, 0x000000008c800000, 0x000000008c800000|100%| E|CS|TAMS 0x000000008c700000, 0x000000008c700000| Complete 
| 200|0x000000008c800000, 0x000000008c900000, 0x000000008c900000|100%| E|CS|TAMS 0x000000008c800000, 0x000000008c800000| Complete 
| 201|0x000000008c900000, 0x000000008ca00000, 0x000000008ca00000|100%| E|CS|TAMS 0x000000008c900000, 0x000000008c900000| Complete 
| 202|0x000000008ca00000, 0x000000008cb00000, 0x000000008cb00000|100%| E|CS|TAMS 0x000000008ca00000, 0x000000008ca00000| Complete 
| 203|0x000000008cb00000, 0x000000008cc00000, 0x000000008cc00000|100%| E|CS|TAMS 0x000000008cb00000, 0x000000008cb00000| Complete 
| 204|0x000000008cc00000, 0x000000008cd00000, 0x000000008cd00000|100%| E|CS|TAMS 0x000000008cc00000, 0x000000008cc00000| Complete 
| 205|0x000000008cd00000, 0x000000008ce00000, 0x000000008ce00000|100%| E|CS|TAMS 0x000000008cd00000, 0x000000008cd00000| Complete 
| 206|0x000000008ce00000, 0x000000008cf00000, 0x000000008cf00000|100%| E|CS|TAMS 0x000000008ce00000, 0x000000008ce00000| Complete 
| 207|0x000000008cf00000, 0x000000008cf8db80, 0x000000008d000000| 55%| S|CS|TAMS 0x000000008cf00000, 0x000000008cf00000| Complete 
| 208|0x000000008d000000, 0x000000008d100000, 0x000000008d100000|100%| S|CS|TAMS 0x000000008d000000, 0x000000008d000000| Complete 
| 209|0x000000008d100000, 0x000000008d200000, 0x000000008d200000|100%| E|CS|TAMS 0x000000008d100000, 0x000000008d100000| Complete 
| 210|0x000000008d200000, 0x000000008d300000, 0x000000008d300000|100%| E|CS|TAMS 0x000000008d200000, 0x000000008d200000| Complete 
| 211|0x000000008d300000, 0x000000008d400000, 0x000000008d400000|100%| E|CS|TAMS 0x000000008d300000, 0x000000008d300000| Complete 
| 212|0x000000008d400000, 0x000000008d500000, 0x000000008d500000|100%| E|CS|TAMS 0x000000008d400000, 0x000000008d400000| Complete 
| 213|0x000000008d500000, 0x000000008d600000, 0x000000008d600000|100%| E|CS|TAMS 0x000000008d500000, 0x000000008d500000| Complete 
| 214|0x000000008d600000, 0x000000008d700000, 0x000000008d700000|100%| E|CS|TAMS 0x000000008d600000, 0x000000008d600000| Complete 
| 215|0x000000008d700000, 0x000000008d800000, 0x000000008d800000|100%| E|CS|TAMS 0x000000008d700000, 0x000000008d700000| Complete 
| 216|0x000000008d800000, 0x000000008d900000, 0x000000008d900000|100%| E|CS|TAMS 0x000000008d800000, 0x000000008d800000| Complete 
| 217|0x000000008d900000, 0x000000008da00000, 0x000000008da00000|100%| E|CS|TAMS 0x000000008d900000, 0x000000008d900000| Complete 
| 218|0x000000008da00000, 0x000000008db00000, 0x000000008db00000|100%| E|CS|TAMS 0x000000008da00000, 0x000000008da00000| Complete 
| 219|0x000000008db00000, 0x000000008dc00000, 0x000000008dc00000|100%| E|CS|TAMS 0x000000008db00000, 0x000000008db00000| Complete 
| 220|0x000000008dc00000, 0x000000008dd00000, 0x000000008dd00000|100%| E|CS|TAMS 0x000000008dc00000, 0x000000008dc00000| Complete 
| 221|0x000000008dd00000, 0x000000008de00000, 0x000000008de00000|100%| E|CS|TAMS 0x000000008dd00000, 0x000000008dd00000| Complete 
| 222|0x000000008de00000, 0x000000008df00000, 0x000000008df00000|100%| E|CS|TAMS 0x000000008de00000, 0x000000008de00000| Complete 
| 223|0x000000008df00000, 0x000000008e000000, 0x000000008e000000|100%| E|CS|TAMS 0x000000008df00000, 0x000000008df00000| Complete 
| 224|0x000000008e000000, 0x000000008e100000, 0x000000008e100000|100%| E|CS|TAMS 0x000000008e000000, 0x000000008e000000| Complete 
| 225|0x000000008e100000, 0x000000008e200000, 0x000000008e200000|100%| E|CS|TAMS 0x000000008e100000, 0x000000008e100000| Complete 
| 226|0x000000008e200000, 0x000000008e300000, 0x000000008e300000|100%| E|CS|TAMS 0x000000008e200000, 0x000000008e200000| Complete 
| 227|0x000000008e300000, 0x000000008e400000, 0x000000008e400000|100%| E|CS|TAMS 0x000000008e300000, 0x000000008e300000| Complete 
| 228|0x000000008e400000, 0x000000008e500000, 0x000000008e500000|100%| E|CS|TAMS 0x000000008e400000, 0x000000008e400000| Complete 
| 229|0x000000008e500000, 0x000000008e600000, 0x000000008e600000|100%| E|CS|TAMS 0x000000008e500000, 0x000000008e500000| Complete 
| 230|0x000000008e600000, 0x000000008e700000, 0x000000008e700000|100%| E|CS|TAMS 0x000000008e600000, 0x000000008e600000| Complete 
| 231|0x000000008e700000, 0x000000008e800000, 0x000000008e800000|100%| E|CS|TAMS 0x000000008e700000, 0x000000008e700000| Complete 
| 232|0x000000008e800000, 0x000000008e900000, 0x000000008e900000|100%| E|CS|TAMS 0x000000008e800000, 0x000000008e800000| Complete 
| 233|0x000000008e900000, 0x000000008ea00000, 0x000000008ea00000|100%| E|CS|TAMS 0x000000008e900000, 0x000000008e900000| Complete 
| 234|0x000000008ea00000, 0x000000008eb00000, 0x000000008eb00000|100%| E|CS|TAMS 0x000000008ea00000, 0x000000008ea00000| Complete 
| 235|0x000000008eb00000, 0x000000008ec00000, 0x000000008ec00000|100%| E|CS|TAMS 0x000000008eb00000, 0x000000008eb00000| Complete 
| 236|0x000000008ec00000, 0x000000008ed00000, 0x000000008ed00000|100%| E|CS|TAMS 0x000000008ec00000, 0x000000008ec00000| Complete 
| 237|0x000000008ed00000, 0x000000008ee00000, 0x000000008ee00000|100%| E|CS|TAMS 0x000000008ed00000, 0x000000008ed00000| Complete 

Card table byte_map: [0x000001dc69a50000,0x000001dc69e50000] _byte_map_base: 0x000001dc69650000

Marking Bits (Prev, Next): (CMBitMap*) 0x000001dc5684d680, (CMBitMap*) 0x000001dc5684d648
 Prev Bits: [0x000001dc6c250000, 0x000001dc6e250000)
 Next Bits: [0x000001dc6a250000, 0x000001dc6c250000)

Polling page: 0x000001dc54700000

Metaspace:

Usage:
  Non-class:     28.27 MB capacity,    27.81 MB ( 98%) used,   399.57 KB (  1%) free+waste,    68.75 KB ( <1%) overhead. 
      Class:      4.50 MB capacity,     4.23 MB ( 94%) used,   245.98 KB (  5%) free+waste,    34.06 KB ( <1%) overhead. 
       Both:     32.77 MB capacity,    32.04 MB ( 98%) used,   645.55 KB (  2%) free+waste,   102.81 KB ( <1%) overhead. 

Virtual space:
  Non-class space:       30.00 MB reserved,      28.50 MB ( 95%) committed 
      Class space:        1.00 GB reserved,       4.50 MB ( <1%) committed 
             Both:        1.03 GB reserved,      33.00 MB (  3%) committed 

Chunk freelists:
   Non-Class:  46.00 KB
       Class:  1.00 KB
        Both:  47.00 KB

MaxMetaspaceSize: 17179869184.00 GB
CompressedClassSpaceSize: 1.00 GB
Initial GC threshold: 20.80 MB
Current GC threshold: 35.08 MB
CDS: off

CodeHeap 'non-profiled nmethods': size=120000Kb used=1454Kb max_used=1454Kb free=118545Kb
 bounds [0x000001dc61df0000, 0x000001dc62060000, 0x000001dc69320000]
CodeHeap 'profiled nmethods': size=120000Kb used=5710Kb max_used=5710Kb free=114289Kb
 bounds [0x000001dc5a8c0000, 0x000001dc5ae60000, 0x000001dc61df0000]
CodeHeap 'non-nmethods': size=5760Kb used=1236Kb max_used=1275Kb free=4523Kb
 bounds [0x000001dc5a320000, 0x000001dc5a590000, 0x000001dc5a8c0000]
 total_blobs=3202 nmethods=2689 adapters=425
 compilation: enabled
              stopped_count=0, restarted_count=0
 full_count=0

Compilation events (20 events):
Event: 4.579 Thread 0x000001dc71553000 2677       3       org.codehaus.groovy.reflection.GeneratedMetaMethod$Proxy::<init> (16 bytes)
Event: 4.579 Thread 0x000001dc71553000 nmethod 2677 0x000001dc5ae4d790 code [0x000001dc5ae4d960, 0x000001dc5ae4ddb8]
Event: 4.579 Thread 0x000001dc71553000 2678       3       org.codehaus.groovy.reflection.GeneratedMetaMethod::<init> (26 bytes)
Event: 4.579 Thread 0x000001dc71553000 nmethod 2678 0x000001dc5ae4df10 code [0x000001dc5ae4e0e0, 0x000001dc5ae4e478]
Event: 4.579 Thread 0x000001dc71553000 2679       3       org.codehaus.groovy.util.FastArray::add (71 bytes)
Event: 4.580 Thread 0x000001dc71553000 nmethod 2679 0x000001dc5ae4e590 code [0x000001dc5ae4e780, 0x000001dc5ae4ec88]
Event: 4.580 Thread 0x000001dc71553000 2667       1       org.codehaus.groovy.reflection.CachedClass::getTheClass (5 bytes)
Event: 4.580 Thread 0x000001dc71553000 nmethod 2667 0x000001dc61f5a190 code [0x000001dc61f5a340, 0x000001dc61f5a3f8]
Event: 4.580 Thread 0x000001dc71553000 2680       1       java.lang.ClassValue::version (5 bytes)
Event: 4.580 Thread 0x000001dc71553000 nmethod 2680 0x000001dc61f5a490 code [0x000001dc61f5a640, 0x000001dc61f5a6f8]
Event: 4.580 Thread 0x000001dc71553000 2681       3       org.codehaus.groovy.util.ManagedReference::<init> (40 bytes)
Event: 4.580 Thread 0x000001dc71553000 nmethod 2681 0x000001dc5ae4ee10 code [0x000001dc5ae4f000, 0x000001dc5ae4f498]
Event: 4.580 Thread 0x000001dc71553000 2682       3       org.codehaus.groovy.util.ManagedReference::<init> (14 bytes)
Event: 4.580 Thread 0x000001dc71553000 nmethod 2682 0x000001dc5ae4f610 code [0x000001dc5ae4f7e0, 0x000001dc5ae4f968]
Event: 4.580 Thread 0x000001dc71553000 2683   !   3       org.codehaus.groovy.util.LazyReference::getLocked (85 bytes)
Event: 4.580 Thread 0x000001dc7386f000 2684       4       java.lang.reflect.Modifier::isStatic (13 bytes)
Event: 4.581 Thread 0x000001dc7386f000 nmethod 2684 0x000001dc61f5a790 code [0x000001dc61f5a920, 0x000001dc61f5a978]
Event: 4.581 Thread 0x000001dc71553000 nmethod 2683 0x000001dc5ae4fa90 code [0x000001dc5ae4fdc0, 0x000001dc5ae50ef8]
Event: 4.581 Thread 0x000001dc71553000 2686       3       org.codehaus.groovy.util.LockableObject::tryRelease (45 bytes)
Event: 4.582 Thread 0x000001dc71553000 nmethod 2686 0x000001dc5ae51590 code [0x000001dc5ae51760, 0x000001dc5ae51a28]

GC Heap History (6 events):
Event: 0.807 GC heap before
{Heap before GC invocations=0 (full 0):
 garbage-first heap   total 243712K, used 30720K [0x0000000080000000, 0x0000000100000000)
  region size 1024K, 24 young (24576K), 0 survivors (0K)
 Metaspace       used 9847K, capacity 10050K, committed 10112K, reserved 1058816K
  class space    used 1027K, capacity 1102K, committed 1152K, reserved 1048576K
}
Event: 0.811 GC heap after
{Heap after GC invocations=1 (full 0):
 garbage-first heap   total 243712K, used 9311K [0x0000000080000000, 0x0000000100000000)
  region size 1024K, 3 young (3072K), 3 survivors (3072K)
 Metaspace       used 9847K, capacity 10050K, committed 10112K, reserved 1058816K
  class space    used 1027K, capacity 1102K, committed 1152K, reserved 1048576K
}
Event: 2.972 GC heap before
{Heap before GC invocations=1 (full 0):
 garbage-first heap   total 243712K, used 113759K [0x0000000080000000, 0x0000000100000000)
  region size 1024K, 105 young (107520K), 3 survivors (3072K)
 Metaspace       used 20762K, capacity 21149K, committed 21296K, reserved 1069056K
  class space    used 2560K, capacity 2716K, committed 2816K, reserved 1048576K
}
Event: 2.981 GC heap after
{Heap after GC invocations=2 (full 0):
 garbage-first heap   total 243712K, used 16902K [0x0000000080000000, 0x0000000100000000)
  region size 1024K, 11 young (11264K), 11 survivors (11264K)
 Metaspace       used 20762K, capacity 21149K, committed 21296K, reserved 1069056K
  class space    used 2560K, capacity 2716K, committed 2816K, reserved 1048576K
}
Event: 3.396 GC heap before
{Heap before GC invocations=3 (full 0):
 garbage-first heap   total 243712K, used 46598K [0x0000000080000000, 0x0000000100000000)
  region size 1024K, 40 young (40960K), 11 survivors (11264K)
 Metaspace       used 23669K, capacity 24189K, committed 24192K, reserved 1071104K
  class space    used 3008K, capacity 3200K, committed 3200K, reserved 1048576K
}
Event: 3.402 GC heap after
{Heap after GC invocations=4 (full 0):
 garbage-first heap   total 243712K, used 18312K [0x0000000080000000, 0x0000000100000000)
  region size 1024K, 2 young (2048K), 2 survivors (2048K)
 Metaspace       used 23669K, capacity 24189K, committed 24192K, reserved 1071104K
  class space    used 3008K, capacity 3200K, committed 3200K, reserved 1048576K
}

Deoptimization events (20 events):
Event: 3.880 Thread 0x000001dc723e0800 DEOPT PACKING pc=0x000001dc61e18360 sp=0x0000002658dfb020
Event: 3.880 Thread 0x000001dc723e0800 DEOPT UNPACKING pc=0x000001dc5a36a1af sp=0x0000002658dfafb0 mode 2
Event: 4.175 Thread 0x000001dc723e0800 Uncommon trap: trap_request=0xffffff4d fr.pc=0x000001dc61eda74c relative=0x000000000000020c
Event: 4.175 Thread 0x000001dc723e0800 Uncommon trap: reason=unstable_if action=reinterpret pc=0x000001dc61eda74c method=java.util.HashMap.hash(Ljava/lang/Object;)I @ 1 c2
Event: 4.175 Thread 0x000001dc723e0800 DEOPT PACKING pc=0x000001dc61eda74c sp=0x0000002658df8710
Event: 4.175 Thread 0x000001dc723e0800 DEOPT UNPACKING pc=0x000001dc5a36a1af sp=0x0000002658df8648 mode 2
Event: 4.175 Thread 0x000001dc723e0800 Uncommon trap: trap_request=0xffffff4d fr.pc=0x000001dc61ecfdac relative=0x000000000000008c
Event: 4.175 Thread 0x000001dc723e0800 Uncommon trap: reason=unstable_if action=reinterpret pc=0x000001dc61ecfdac method=java.util.HashMap.hash(Ljava/lang/Object;)I @ 1 c2
Event: 4.175 Thread 0x000001dc723e0800 DEOPT PACKING pc=0x000001dc61ecfdac sp=0x0000002658df8480
Event: 4.175 Thread 0x000001dc723e0800 DEOPT UNPACKING pc=0x000001dc5a36a1af sp=0x0000002658df8418 mode 2
Event: 4.362 Thread 0x000001dc723e0800 DEOPT PACKING pc=0x000001dc5acbcb79 sp=0x0000002658df87c0
Event: 4.362 Thread 0x000001dc723e0800 DEOPT UNPACKING pc=0x000001dc5a36a95e sp=0x0000002658df7d08 mode 0
Event: 4.378 Thread 0x000001dc723e0800 Uncommon trap: trap_request=0xffffff4d fr.pc=0x000001dc61f39f64 relative=0x00000000000001a4
Event: 4.378 Thread 0x000001dc723e0800 Uncommon trap: reason=unstable_if action=reinterpret pc=0x000001dc61f39f64 method=java.util.regex.Pattern$BmpCharProperty.match(Ljava/util/regex/Matcher;ILjava/lang/CharSequence;)Z @ 39 c2
Event: 4.378 Thread 0x000001dc723e0800 DEOPT PACKING pc=0x000001dc61f39f64 sp=0x0000002658df90d0
Event: 4.378 Thread 0x000001dc723e0800 DEOPT UNPACKING pc=0x000001dc5a36a1af sp=0x0000002658df9080 mode 2
Event: 4.419 Thread 0x000001dc723e0800 Uncommon trap: trap_request=0xffffff4d fr.pc=0x000001dc61ecf130 relative=0x0000000000000230
Event: 4.419 Thread 0x000001dc723e0800 Uncommon trap: reason=unstable_if action=reinterpret pc=0x000001dc61ecf130 method=java.util.HashMap.putVal(ILjava/lang/Object;Ljava/lang/Object;ZZ)Ljava/lang/Object; @ 162 c2
Event: 4.419 Thread 0x000001dc723e0800 DEOPT PACKING pc=0x000001dc61ecf130 sp=0x0000002658dfa1c0
Event: 4.419 Thread 0x000001dc723e0800 DEOPT UNPACKING pc=0x000001dc5a36a1af sp=0x0000002658dfa0d0 mode 2

Classes redefined (0 events):
No events

Internal exceptions (20 events):
Event: 3.832 Thread 0x000001dc723e0800 Exception <a 'java/lang/NoSuchMethodError'{0x000000008d75dda8}: 'java.lang.Object java.lang.invoke.DirectMethodHandle$Holder.invokeVirtual(java.lang.Object, java.lang.Object, java.lang.Object)'> (0x000000008d75dda8) thrown at [./src/hotspot/share/interpreter/linkResolver.cpp, line 773]
Event: 3.836 Thread 0x000001dc723e0800 Exception <a 'java/lang/NoSuchMethodError'{0x000000008d7e26a8}: 'int java.lang.invoke.DirectMethodHandle$Holder.invokeVirtual(java.lang.Object, java.lang.Object)'> (0x000000008d7e26a8) thrown at [./src/hotspot/share/interpreter/linkResolver.cpp, line 773]
Event: 3.846 Thread 0x000001dc723e0800 Exception <a 'java/lang/NoSuchMethodError'{0x000000008d61ccf8}: 'int java.lang.invoke.DirectMethodHandle$Holder.invokeVirtual(java.lang.Object, java.lang.Object, java.lang.Object)'> (0x000000008d61ccf8) thrown at [./src/hotspot/share/interpreter/linkResolver.cpp, line 773]
Event: 3.874 Thread 0x000001dc723e0800 Exception <a 'java/lang/NoSuchMethodError'{0x000000008d57d940}: 'void java.lang.invoke.DirectMethodHandle$Holder.invokeSpecial(java.lang.Object, java.lang.Object)'> (0x000000008d57d940) thrown at [./src/hotspot/share/interpreter/linkResolver.cpp, line 773]
Event: 4.003 Thread 0x000001dc723e0800 Exception <a 'java/lang/NoSuchMethodError'{0x000000008c923908}: 'java.lang.Object java.lang.invoke.DirectMethodHandle$Holder.invokeSpecialIFC(java.lang.Object, java.lang.Object, java.lang.Object, java.lang.Object)'> (0x000000008c923908) thrown at [./src/hotspot/share/interpreter/linkResolver.cpp, line 773]
Event: 4.019 Thread 0x000001dc723e0800 Exception <a 'java/lang/NoSuchMethodError'{0x000000008c800b18}: 'java.lang.Object java.lang.invoke.DirectMethodHandle$Holder.invokeSpecial(java.lang.Object, java.lang.Object, java.lang.Object, java.lang.Object, java.lang.Object, java.lang.Object, java.lang.Object, java.lang.Object, java.lang.Object, java.lang.Object, java.lang.Object, java.lang.Object, java.lang.Object)'> (0x000000008c800b18) thrown at [./src/hotspot/share/interpreter/linkResolver.cpp, line 773]
Event: 4.020 Thread 0x000001dc723e0800 Exception <a 'java/lang/NoSuchMethodError'{0x000000008c811978}: 'java.lang.Object java.lang.invoke.DirectMethodHandle$Holder.invokeSpecial(java.lang.Object, java.lang.Object, java.lang.Object, java.lang.Object, java.lang.Object, java.lang.Object, java.lang.Object, java.lang.Object, java.lang.Object, java.lang.Object, java.lang.Object, java.lang.Object)'> (0x000000008c811978) thrown at [./src/hotspot/share/interpreter/linkResolver.cpp, line 773]
Event: 4.021 Thread 0x000001dc723e0800 Exception <a 'java/lang/NoSuchMethodError'{0x000000008c816aa0}: 'java.lang.Object java.lang.invoke.Invokers$Holder.linkToTargetMethod(java.lang.Object, java.lang.Object, java.lang.Object, java.lang.Object, java.lang.Object, java.lang.Object, java.lang.Object, java.lang.Object, java.lang.Object, java.lang.Object, java.lang.Object)'> (0x000000008c816aa0) thrown at [./src/hotspot/share/interpreter/linkResolver.cpp, line 773]
Event: 4.032 Thread 0x000001dc723e0800 Exception <a 'java/lang/NoSuchMethodError'{0x000000008c75ae18}: 'java.lang.Object java.lang.invoke.DirectMethodHandle$Holder.invokeSpecial(java.lang.Object, java.lang.Object, java.lang.Object, java.lang.Object, java.lang.Object, java.lang.Object, java.lang.Object, java.lang.Object, java.lang.Object, java.lang.Object, java.lang.Object, java.lang.Object, java.lang.Object, java.lang.Object)'> (0x000000008c75ae18) thrown at [./src/hotspot/share/interpreter/linkResolver.cpp, line 773]
Event: 4.033 Thread 0x000001dc723e0800 Exception <a 'java/lang/NoSuchMethodError'{0x000000008c76c490}: 'java.lang.Object java.lang.invoke.Invokers$Holder.linkToTargetMethod(java.lang.Object, java.lang.Object, java.lang.Object, java.lang.Object, java.lang.Object, java.lang.Object, java.lang.Object, java.lang.Object, java.lang.Object, java.lang.Object, java.lang.Object, java.lang.Object)'> (0x000000008c76c490) thrown at [./src/hotspot/share/interpreter/linkResolver.cpp, line 773]
Event: 4.049 Thread 0x000001dc723e0800 Exception <a 'java/lang/NoSuchMethodError'{0x000000008c655f80}: 'java.lang.Object java.lang.invoke.DirectMethodHandle$Holder.invokeStaticInit(java.lang.Object, java.lang.Object, java.lang.Object, java.lang.Object)'> (0x000000008c655f80) thrown at [./src/hotspot/share/interpreter/linkResolver.cpp, line 773]
Event: 4.175 Thread 0x000001dc723e0800 Implicit null exception at 0x000001dc61eda575 to 0x000001dc61eda73c
Event: 4.175 Thread 0x000001dc723e0800 Implicit null exception at 0x000001dc61ecfd2f to 0x000001dc61ecfd9d
Event: 4.289 Thread 0x000001dc723e0800 Exception <a 'java/lang/NoSuchMethodError'{0x000000008b575160}: 'java.lang.Object java.lang.invoke.Invokers$Holder.linkToTargetMethod(java.lang.Object, java.lang.Object, java.lang.Object, java.lang.Object, java.lang.Object, java.lang.Object, java.lang.Object, java.lang.Object)'> (0x000000008b575160) thrown at [./src/hotspot/share/interpreter/linkResolver.cpp, line 773]
Event: 4.292 Thread 0x000001dc723e0800 Exception <a 'java/lang/NoSuchMethodError'{0x000000008b5c3510}: 'java.lang.Object java.lang.invoke.Invokers$Holder.linkToTargetMethod(java.lang.Object, java.lang.Object, java.lang.Object, java.lang.Object, java.lang.Object, java.lang.Object, java.lang.Object)'> (0x000000008b5c3510) thrown at [./src/hotspot/share/interpreter/linkResolver.cpp, line 773]
Event: 4.295 Thread 0x000001dc723e0800 Exception <a 'java/lang/IncompatibleClassChangeError'{0x000000008b402dc8}: Found class java.lang.Object, but interface was expected> (0x000000008b402dc8) thrown at [./src/hotspot/share/interpreter/linkResolver.cpp, line 839]
Event: 4.537 Thread 0x000001dc723e0800 Exception <a 'java/lang/NoSuchMethodError'{0x000000008a184678}: 'void java.lang.invoke.DirectMethodHandle$Holder.invokeStaticInit(java.lang.Object, java.lang.Object, java.lang.Object)'> (0x000000008a184678) thrown at [./src/hotspot/share/interpreter/linkResolver.cpp, line 773]
Event: 4.538 Thread 0x000001dc723e0800 Exception <a 'java/lang/NoSuchMethodError'{0x000000008a18b828}: 'void java.lang.invoke.DirectMethodHandle$Holder.invokeStaticInit(java.lang.Object, java.lang.Object, java.lang.Object, java.lang.Object)'> (0x000000008a18b828) thrown at [./src/hotspot/share/interpreter/linkResolver.cpp, line 773]
Event: 4.542 Thread 0x000001dc723e0800 Exception <a 'java/lang/NoSuchMethodError'{0x000000008a1ade80}: 'void java.lang.invoke.DirectMethodHandle$Holder.invokeStaticInit(java.lang.Object, java.lang.Object, java.lang.Object, java.lang.Object, java.lang.Object)'> (0x000000008a1ade80) thrown at [./src/hotspot/share/interpreter/linkResolver.cpp, line 773]
Event: 4.572 Thread 0x000001dc723e0800 Exception <a 'java/lang/NoSuchMethodError'{0x000000008a00ca68}: 'int java.lang.invoke.DirectMethodHandle$Holder.invokeStaticInit(java.lang.Object, java.lang.Object, java.lang.Object, java.lang.Object)'> (0x000000008a00ca68) thrown at [./src/hotspot/share/interpreter/linkResolver.cpp, line 773]

Events (20 events):
Event: 4.527 loading class org/codehaus/groovy/vmplugin/v8/PluginDefaultGroovyMethods
Event: 4.527 loading class org/codehaus/groovy/vmplugin/v8/PluginDefaultGroovyMethods done
Event: 4.528 loading class org/codehaus/groovy/runtime/DefaultGroovyMethodsSupport
Event: 4.528 loading class org/codehaus/groovy/runtime/DefaultGroovyMethodsSupport done
Event: 4.530 loading class jdk/internal/module/SystemModules$all
Event: 4.533 loading class jdk/internal/module/SystemModules$all done
Event: 4.536 loading class java/util/Spliterators$IteratorSpliterator
Event: 4.536 loading class java/util/Spliterators$IteratorSpliterator done
Event: 4.558 Thread 0x000001dc7386f000 Thread added: 0x000001dc7386f000
Event: 4.571 loading class org/codehaus/groovy/reflection/ReflectionUtils$ClassContextHelper
Event: 4.571 loading class org/codehaus/groovy/reflection/ReflectionUtils$ClassContextHelper done
Event: 4.575 loading class org/codehaus/groovy/reflection/CachedMethod$MyComparator
Event: 4.575 loading class org/codehaus/groovy/reflection/CachedMethod$MyComparator done
Event: 4.576 loading class org/codehaus/groovy/reflection/CachedClass$CachedMethodComparatorByName
Event: 4.576 loading class org/codehaus/groovy/reflection/CachedClass$CachedMethodComparatorByName done
Event: 4.577 loading class java/lang/ClassFormatError
Event: 4.577 loading class java/lang/ClassFormatError done
Event: 4.581 loading class java/lang/ProcessHandle$Info
Event: 4.581 loading class java/lang/ProcessHandle$Info done
Event: 4.581 loading class java/util/concurrent/CompletableFuture


Dynamic libraries:
0x00007ff68e820000 - 0x00007ff68e82a000 	C:\Program Files\Android\Android Studio\jre\bin\java.exe
0x00007ff988950000 - 0x00007ff988b47000 	C:\Windows\SYSTEM32\ntdll.dll
0x00007ff988080000 - 0x00007ff98813d000 	C:\Windows\System32\KERNEL32.DLL
0x00007ff9863c0000 - 0x00007ff98668d000 	C:\Windows\System32\KERNELBASE.dll
0x00007ff986100000 - 0x00007ff986200000 	C:\Windows\System32\ucrtbase.dll
0x00007ff96d8c0000 - 0x00007ff96d8d9000 	C:\Program Files\Android\Android Studio\jre\bin\jli.dll
0x00007ff96d7d0000 - 0x00007ff96d7e7000 	C:\Program Files\Android\Android Studio\jre\bin\VCRUNTIME140.dll
0x00007ff986f20000 - 0x00007ff9870c0000 	C:\Windows\System32\USER32.dll
0x00007ff96f590000 - 0x00007ff96f82a000 	C:\Windows\WinSxS\amd64_microsoft.windows.common-controls_6595b64144ccf1df_6.0.19041.1110_none_60b5254171f9507e\COMCTL32.dll
0x00007ff986230000 - 0x00007ff986252000 	C:\Windows\System32\win32u.dll
0x00007ff987720000 - 0x00007ff9877be000 	C:\Windows\System32\msvcrt.dll
0x00007ff9870c0000 - 0x00007ff9870ea000 	C:\Windows\System32\GDI32.dll
0x00007ff9867a0000 - 0x00007ff9868ab000 	C:\Windows\System32\gdi32full.dll
0x00007ff986700000 - 0x00007ff98679d000 	C:\Windows\System32\msvcp_win.dll
0x00007ff9878f0000 - 0x00007ff987920000 	C:\Windows\System32\IMM32.DLL
0x00007ff960130000 - 0x00007ff9601cd000 	C:\Program Files\Android\Android Studio\jre\bin\msvcp140.dll
0x00007ff9394c0000 - 0x00007ff939fa5000 	C:\Program Files\Android\Android Studio\jre\bin\server\jvm.dll
0x00007ff987380000 - 0x00007ff98742e000 	C:\Windows\System32\ADVAPI32.dll
0x00007ff987fe0000 - 0x00007ff98807c000 	C:\Windows\System32\sechost.dll
0x00007ff987eb0000 - 0x00007ff987fd5000 	C:\Windows\System32\RPCRT4.dll
0x00007ff987430000 - 0x00007ff987438000 	C:\Windows\System32\PSAPI.DLL
0x00007ff9732a0000 - 0x00007ff9732c7000 	C:\Windows\SYSTEM32\WINMM.dll
0x00007ff96c0b0000 - 0x00007ff96c0b9000 	C:\Windows\SYSTEM32\WSOCK32.dll
0x00007ff9811f0000 - 0x00007ff9811fa000 	C:\Windows\SYSTEM32\VERSION.dll
0x00007ff9874e0000 - 0x00007ff98754b000 	C:\Windows\System32\ws2_32.DLL
0x00007ff983f50000 - 0x00007ff983f62000 	C:\Windows\SYSTEM32\kernel.appcore.dll
0x00007ff9662d0000 - 0x00007ff9662e1000 	C:\Program Files\Android\Android Studio\jre\bin\verify.dll
0x00007ff975430000 - 0x00007ff975614000 	C:\Windows\SYSTEM32\DBGHELP.DLL
0x00007ff975bd0000 - 0x00007ff975bfc000 	C:\Windows\SYSTEM32\dbgcore.DLL
0x00007ff986070000 - 0x00007ff9860f2000 	C:\Windows\System32\bcryptPrimitives.dll
0x00007ff964ad0000 - 0x00007ff964af9000 	C:\Program Files\Android\Android Studio\jre\bin\java.dll
0x00007ff96afc0000 - 0x00007ff96afcb000 	C:\Program Files\Android\Android Studio\jre\bin\jimage.dll
0x00007ff966100000 - 0x00007ff966118000 	C:\Program Files\Android\Android Studio\jre\bin\zip.dll
0x00007ff988160000 - 0x00007ff9888a4000 	C:\Windows\System32\SHELL32.dll
0x00007ff984150000 - 0x00007ff9848e4000 	C:\Windows\SYSTEM32\windows.storage.dll
0x00007ff9869b0000 - 0x00007ff986d04000 	C:\Windows\System32\combase.dll
0x00007ff9859e0000 - 0x00007ff985a0c000 	C:\Windows\SYSTEM32\Wldp.dll
0x00007ff987550000 - 0x00007ff9875fd000 	C:\Windows\System32\SHCORE.dll
0x00007ff987da0000 - 0x00007ff987df5000 	C:\Windows\System32\shlwapi.dll
0x00007ff985fb0000 - 0x00007ff985fcf000 	C:\Windows\SYSTEM32\profapi.dll
0x00007ff964a60000 - 0x00007ff964a7a000 	C:\Program Files\Android\Android Studio\jre\bin\net.dll
0x00007ff97fd00000 - 0x00007ff97fe0a000 	C:\Windows\SYSTEM32\WINHTTP.dll
0x00007ff985710000 - 0x00007ff98577a000 	C:\Windows\system32\mswsock.dll
0x00007ff9640c0000 - 0x00007ff9640d4000 	C:\Program Files\Android\Android Studio\jre\bin\nio.dll
0x00007ff975d00000 - 0x00007ff975d27000 	C:\Users\kilany\.gradle\native\e1d6ef7f7dcc3fd88c89a11ec53ec762bb8ba0a96d01ffa2cd45eb1d1d8dd5c5\windows-amd64\native-platform.dll
0x00007ff95ce40000 - 0x00007ff95cf84000 	C:\Users\kilany\.gradle\native\5664cfc778a61ccfe75a443a1ab52a65af34e5dc3c78e0209fed803814484fcb\windows-amd64\native-platform-file-events.dll
0x00007ff96ac30000 - 0x00007ff96ac3a000 	C:\Program Files\Android\Android Studio\jre\bin\management.dll
0x00007ff968c60000 - 0x00007ff968c6d000 	C:\Program Files\Android\Android Studio\jre\bin\management_ext.dll
0x00007ff9858c0000 - 0x00007ff9858d8000 	C:\Windows\SYSTEM32\CRYPTSP.dll
0x00007ff9850a0000 - 0x00007ff9850d4000 	C:\Windows\system32\rsaenh.dll
0x00007ff986200000 - 0x00007ff986227000 	C:\Windows\System32\bcrypt.dll
0x00007ff985f30000 - 0x00007ff985f5e000 	C:\Windows\SYSTEM32\USERENV.dll
0x00007ff9858e0000 - 0x00007ff9858ec000 	C:\Windows\SYSTEM32\CRYPTBASE.dll
0x00007ff985410000 - 0x00007ff98544b000 	C:\Windows\SYSTEM32\IPHLPAPI.DLL
0x00007ff987920000 - 0x00007ff987928000 	C:\Windows\System32\NSI.dll
0x00007ff9808d0000 - 0x00007ff9808e7000 	C:\Windows\SYSTEM32\dhcpcsvc6.DLL
0x00007ff980880000 - 0x00007ff98089d000 	C:\Windows\SYSTEM32\dhcpcsvc.DLL
0x00007ff985450000 - 0x00007ff98551b000 	C:\Windows\SYSTEM32\DNSAPI.dll

dbghelp: loaded successfully - version: 4.0.5 - missing functions: none
symbol engine: initialized successfully - sym options: 0x614 - pdb path: .;C:\Program Files\Android\Android Studio\jre\bin;C:\Windows\SYSTEM32;C:\Windows\WinSxS\amd64_microsoft.windows.common-controls_6595b64144ccf1df_6.0.19041.1110_none_60b5254171f9507e;C:\Program Files\Android\Android Studio\jre\bin\server;C:\Users\kilany\.gradle\native\e1d6ef7f7dcc3fd88c89a11ec53ec762bb8ba0a96d01ffa2cd45eb1d1d8dd5c5\windows-amd64;C:\Users\kilany\.gradle\native\5664cfc778a61ccfe75a443a1ab52a65af34e5dc3c78e0209fed803814484fcb\windows-amd64

VM Arguments:
jvm_args: --add-opens=java.base/java.util=ALL-UNNAMED --add-opens=java.base/java.lang=ALL-UNNAMED --add-opens=java.base/java.lang.invoke=ALL-UNNAMED --add-opens=java.base/java.util=ALL-UNNAMED --add-opens=java.prefs/java.util.prefs=ALL-UNNAMED --add-opens=java.prefs/java.util.prefs=ALL-UNNAMED --add-opens=java.base/java.nio.charset=ALL-UNNAMED --add-opens=java.base/java.net=ALL-UNNAMED --add-opens=java.base/java.util.concurrent.atomic=ALL-UNNAMED -Xmx2048m -Dfile.encoding=UTF-8 -Duser.country=US -Duser.language=en -Duser.variant 
java_command: org.gradle.launcher.daemon.bootstrap.GradleDaemon 7.3.3
java_class_path (initial): C:\Users\kilany\.gradle\wrapper\dists\gradle-7.3.3-all\4295vidhdd9hd3gbjyw1xqxpo\gradle-7.3.3\lib\gradle-launcher-7.3.3.jar
Launcher Type: SUN_STANDARD

[Global flags]
     intx CICompilerCount                          = 4                                         {product} {ergonomic}
     uint ConcGCThreads                            = 2                                         {product} {ergonomic}
     uint G1ConcRefinementThreads                  = 8                                         {product} {ergonomic}
   size_t G1HeapRegionSize                         = 1048576                                   {product} {ergonomic}
    uintx GCDrainStackTargetSize                   = 64                                        {product} {ergonomic}
   size_t InitialHeapSize                          = 249561088                                 {product} {ergonomic}
   size_t MarkStackSize                            = 4194304                                   {product} {ergonomic}
   size_t MaxHeapSize                              = 2147483648                                {product} {command line}
   size_t MaxNewSize                               = 1287651328                                {product} {ergonomic}
   size_t MinHeapDeltaBytes                        = 1048576                                   {product} {ergonomic}
    uintx NonNMethodCodeHeapSize                   = 5836300                                {pd product} {ergonomic}
    uintx NonProfiledCodeHeapSize                  = 122910970                              {pd product} {ergonomic}
    uintx ProfiledCodeHeapSize                     = 122910970                              {pd product} {ergonomic}
    uintx ReservedCodeCacheSize                    = 251658240                              {pd product} {ergonomic}
     bool SegmentedCodeCache                       = true                                      {product} {ergonomic}
     bool UseCompressedClassPointers               = true                                 {lp64_product} {ergonomic}
     bool UseCompressedOops                        = true                                 {lp64_product} {ergonomic}
     bool UseG1GC                                  = true                                      {product} {ergonomic}
     bool UseLargePagesIndividualAllocation        = false                                  {pd product} {ergonomic}

Logging:
Log output configuration:
 #0: stdout all=warning uptime,level,tags
 #1: stderr all=off uptime,level,tags

Environment Variables:
PATH=C:\Program Files (x86)\Common Files\Intel\Shared Libraries\redist\intel64\compiler;C:\Program Files\Eclipse Adoptium\jdk-11.0.14.101-hotspot\bin;C:\Windows\system32;C:\Windows;C:\Windows\System32\Wbem;C:\Windows\System32\WindowsPowerShell\v1.0\;C:\Windows\System32\OpenSSH\;C:\gradle-7.4\bin;C:\Program Files\nodejs\;C:\Program Files\Git\cmd;C:\Users\kilany\AppData\Local\Microsoft\WindowsApps;C:\Users\kilany\AppData\Local\Programs\Microsoft VS Code\bin;C:\Program Files\JetBrains\IntelliJ IDEA Community Edition 2021.3.2\bin;;C:\Users\kilany\AppData\Local\GitHubDesktop\bin;C:\Program Files\heroku\bin;C:\Users\kilany\AppData\Roaming\npm
USERNAME=kilany
OS=Windows_NT
PROCESSOR_IDENTIFIER=Intel64 Family 6 Model 165 Stepping 3, GenuineIntel



---------------  S Y S T E M  ---------------

OS: Windows 10 , 64 bit Build 19041 (10.0.19041.1741)
OS uptime: 1 days 0:21 hours
Hyper-V role detected

CPU:total 8 (initial active 8) (4 cores per cpu, 2 threads per core) family 6 model 165 stepping 3 microcode 0xea, cmov, cx8, fxsr, mmx, sse, sse2, sse3, ssse3, sse4.1, sse4.2, popcnt, avx, avx2, aes, clmul, erms, 3dnowpref, lzcnt, ht, tsc, tscinvbit, bmi1, bmi2, adx, fma

Memory: 4k page, system-wide physical 15205M (703M free)
TotalPageFile size 42627M (AvailPageFile size 5M)
current process WorkingSet (physical memory assigned to process): 266M, peak: 266M
current process commit charge ("private bytes"): 410M, peak: 410M

vm_info: OpenJDK 64-Bit Server VM (11.0.12+7-b1504.28-7817840) for windows-amd64 JRE (11.0.12+7-b1504.28-7817840), built on Oct 13 2021 22:12:33 by "builder" with MS VC++ 14.0 (VS2015)

END.
